<?xml version="1.0" encoding="UTF-8"?>
<testsuite name="TestTexto" tests="2" skipped="0" failures="0" errors="0" timestamp="2022-04-26T07:06:41" hostname="I5-5436" time="0.023">
  <properties/>
  <testcase name="testA()" classname="TestTexto" time="0.022"/>
  <testcase name="testB()" classname="TestTexto" time="0.001"/>
  <system-out><![CDATA[Test A ejecutado
Test B ejecutado
]]></system-out>
  <system-err><![CDATA[]]></system-err>
</testsuite>
